<?xml version="1.0" encoding="UTF-8"?>
<testsuite name="org.example.csvfilesreader.CsvFileReaderTest" tests="11" skipped="0" failures="0" errors="0" timestamp="2022-06-09T05:17:24" hostname="DESKTOP-ENM2766" time="0.058">
  <properties/>
  <testcase name="[1] CSVFiles/exampleTwoTest.csv, [Bentley Shah 380904541665, Aishah Bate 035815400401, Zaydan Mccray 959883197105, Eilidh Hester 920924460987, Margot Begum 997106174917], true" classname="org.example.csvfilesreader.CsvFileReaderTest" time="0.029"/>
  <testcase name="[2] CSVFiles/exampleTwoTest.csv, [Avery Laing 159898103470, Amba Morrow 495225809670, Sohaib Alvarado 391930469997, Sion Mooney 114412226393, Letitia Stephenson 621149851947, Meerab York 248376164170, Paloma Burgess 939520400109, Shanna Finch 368469629557], false" classname="org.example.csvfilesreader.CsvFileReaderTest" time="0.001"/>
  <testcase name="[3] CSVFiles/exampleOneTest.csv, [Avery Laing 159898103470, Amba Morrow 495225809670, Sohaib Alvarado 391930469997, Sion Mooney 114412226393, Letitia Stephenson 621149851947, Meerab York 248376164170, Paloma Burgess 939520400109, Shanna Finch 368469629557], true" classname="org.example.csvfilesreader.CsvFileReaderTest" time="0.001"/>
  <testcase name="[4] CSVFiles/exampleOneTest.csv, [Bentley Shah 380904541665, Aishah Bate 035815400401, Zaydan Mccray 959883197105, Eilidh Hester 920924460987, Margot Begum 997106174917], false" classname="org.example.csvfilesreader.CsvFileReaderTest" time="0.001"/>
  <testcase name="[5] CSVFiles/exampleOneTest.csv, [Lonnie Collins 14503758742, Gordon Thompson 922970267410, Vanessa Shaw 567324560123, Aaron James 876315751796, Avery Laing 159898103470, Amba Morrow 495225809670, Sohaib Alvarado 391930469997, Sion Mooney 114412226393, Letitia Stephenson 621149851947, Meerab York 248376164170, Paloma Burgess 939520400109, Shanna Finch 368469629557, Leanne Blundell 270835621178, Athena Solomon 919785543957, Fenton Buchanan 168428805320, Diego Prince 689588471096, Bentley Shah 380904541665, Aishah Bate 035815400401, Zaydan …, false" classname="org.example.csvfilesreader.CsvFileReaderTest" time="0.001"/>
  <testcase name="[6] CSVFiles/example.csv, [Lonnie Collins 14503758742, Gordon Thompson 922970267410, Vanessa Shaw 567324560123, Aaron James 876315751796, Avery Laing 159898103470, Amba Morrow 495225809670, Sohaib Alvarado 391930469997, Sion Mooney 114412226393, Letitia Stephenson 621149851947, Meerab York 248376164170, Paloma Burgess 939520400109, Shanna Finch 368469629557, Leanne Blundell 270835621178, Athena Solomon 919785543957, Fenton Buchanan 168428805320, Diego Prince 689588471096, Bentley Shah 380904541665, Aishah Bate 035815400401, Zaydan …, true" classname="org.example.csvfilesreader.CsvFileReaderTest" time="0.001"/>
  <testcase name="[7] CSVFiles/exampleTwoTest.csv, [Lonnie Collins 14503758742, Gordon Thompson 922970267410, Vanessa Shaw 567324560123, Aaron James 876315751796, Avery Laing 159898103470, Amba Morrow 495225809670, Sohaib Alvarado 391930469997, Sion Mooney 114412226393, Letitia Stephenson 621149851947, Meerab York 248376164170, Paloma Burgess 939520400109, Shanna Finch 368469629557, Leanne Blundell 270835621178, Athena Solomon 919785543957, Fenton Buchanan 168428805320, Diego Prince 689588471096, Bentley Shah 380904541665, Aishah Bate 035815400401, Zaydan …, false" classname="org.example.csvfilesreader.CsvFileReaderTest" time="0.001"/>
  <testcase name="[8] CSVFiles/example.csv, [Bentley Shah 380904541665, Aishah Bate 035815400401, Zaydan Mccray 959883197105, Eilidh Hester 920924460987, Margot Begum 997106174917], false" classname="org.example.csvfilesreader.CsvFileReaderTest" time="0.001"/>
  <testcase name="shouldTestFileWithEmptyColumn()" classname="org.example.csvfilesreader.CsvFileReaderTest" time="0.008"/>
  <testcase name="shouldReturnWrongPathException()" classname="org.example.csvfilesreader.CsvFileReaderTest" time="0.001"/>
  <testcase name="shouldTestFileWithEmptyLine()" classname="org.example.csvfilesreader.CsvFileReaderTest" time="0.001"/>
  <system-out><![CDATA[Wrong argument in line 4 and column 1
]]></system-out>
  <system-err><![CDATA[]]></system-err>
</testsuite>
